D:\DROPBOX\POSD\HW6\101598034\101598034_GUI\DEBUG\101598034_GUI.EXE.INTERMEDIATE.MANIFEST
D:\DROPBOX\POSD\HW6\101598034\101598034_GUI\DEBUG\ACTIVITYDIAGRAMPANEL.OBJ
D:\DROPBOX\POSD\HW6\101598034\101598034_GUI\DEBUG\ACTIVITYDIAGRAMTABLE.OBJ
D:\DROPBOX\POSD\HW6\101598034\101598034_GUI\DEBUG\GRAPHUI.OBJ
D:\DROPBOX\POSD\HW6\101598034\101598034_GUI\DEBUG\MAIN.OBJ
D:\DROPBOX\POSD\HW6\101598034\101598034_GUI\DEBUG\MOC_ACTIVITYDIAGRAMTABLE.OBJ
D:\DROPBOX\POSD\HW6\101598034\101598034_GUI\DEBUG\MOC_GRAPHUI.OBJ
D:\DROPBOX\POSD\HW6\101598034\101598034_GUI\DEBUG\QRC_GRAPHUI.OBJ
D:\DROPBOX\POSD\HW6\101598034\101598034_GUI\DEBUG\VC100.PDB
D:\DROPBOX\POSD\HW6\101598034\101598034_GUI\GENERATEDFILES\DEBUG\MOC_ACTIVITYDIAGRAMTABLE.CPP
D:\DROPBOX\POSD\HW6\101598034\101598034_GUI\GENERATEDFILES\DEBUG\MOC_GRAPHUI.CPP
D:\DROPBOX\POSD\HW6\101598034\101598034_GUI\GENERATEDFILES\QRC_GRAPHUI.CPP
D:\DROPBOX\POSD\HW6\101598034\101598034_GUI\GENERATEDFILES\UI_GRAPHUI.H
D:\DROPBOX\POSD\HW6\101598034\WIN32\DEBUG\101598034_GUI.EXE
D:\DROPBOX\POSD\HW6\101598034\WIN32\DEBUG\101598034_GUI.ILK
D:\DROPBOX\POSD\HW6\101598034\WIN32\DEBUG\101598034_GUI.PDB
D:\DROPBOX\POSD\HW7\101598034\101598034_GUI\DEBUG\101598034_GUI.EXE.INTERMEDIATE.MANIFEST
D:\DROPBOX\POSD\HW7\101598034\101598034_GUI\DEBUG\ACTIVITYDIAGRAMPANEL.OBJ
D:\DROPBOX\POSD\HW7\101598034\101598034_GUI\DEBUG\ACTIVITYDIAGRAMTABLE.OBJ
D:\Dropbox\POSD\hw7\101598034\101598034_GUI\Debug\cl.command.1.tlog
D:\Dropbox\POSD\hw7\101598034\101598034_GUI\Debug\CL.read.1.tlog
D:\Dropbox\POSD\hw7\101598034\101598034_GUI\Debug\CL.write.1.tlog
D:\Dropbox\POSD\hw7\101598034\101598034_GUI\Debug\custombuild.command.1.tlog
D:\Dropbox\POSD\hw7\101598034\101598034_GUI\Debug\custombuild.read.1.tlog
D:\Dropbox\POSD\hw7\101598034\101598034_GUI\Debug\custombuild.write.1.tlog
D:\DROPBOX\POSD\HW7\101598034\101598034_GUI\DEBUG\GRAPHUI.OBJ
D:\Dropbox\POSD\hw7\101598034\101598034_GUI\Debug\link.command.1.tlog
D:\Dropbox\POSD\hw7\101598034\101598034_GUI\Debug\link.read.1.tlog
D:\Dropbox\POSD\hw7\101598034\101598034_GUI\Debug\link.write.1.tlog
D:\DROPBOX\POSD\HW7\101598034\101598034_GUI\DEBUG\MAIN.OBJ
D:\DROPBOX\POSD\HW7\101598034\101598034_GUI\DEBUG\MOC_ACTIVITYDIAGRAMTABLE.OBJ
D:\DROPBOX\POSD\HW7\101598034\101598034_GUI\DEBUG\MOC_GRAPHUI.OBJ
D:\Dropbox\POSD\hw7\101598034\101598034_GUI\Debug\mt.command.1.tlog
D:\Dropbox\POSD\hw7\101598034\101598034_GUI\Debug\mt.read.1.tlog
D:\Dropbox\POSD\hw7\101598034\101598034_GUI\Debug\mt.write.1.tlog
D:\DROPBOX\POSD\HW7\101598034\101598034_GUI\DEBUG\QRC_GRAPHUI.OBJ
D:\DROPBOX\POSD\HW7\101598034\101598034_GUI\DEBUG\VC100.PDB
D:\DROPBOX\POSD\HW7\101598034\101598034_GUI\GENERATEDFILES\DEBUG\MOC_ACTIVITYDIAGRAMTABLE.CPP
D:\DROPBOX\POSD\HW7\101598034\101598034_GUI\GENERATEDFILES\DEBUG\MOC_GRAPHUI.CPP
D:\DROPBOX\POSD\HW7\101598034\101598034_GUI\GENERATEDFILES\QRC_GRAPHUI.CPP
D:\DROPBOX\POSD\HW7\101598034\101598034_GUI\GENERATEDFILES\UI_GRAPHUI.H
D:\DROPBOX\POSD\HW7\101598034\WIN32\DEBUG\101598034_GUI.EXE
D:\DROPBOX\POSD\HW7\101598034\WIN32\DEBUG\101598034_GUI.ILK
D:\DROPBOX\POSD\HW7\101598034\WIN32\DEBUG\101598034_GUI.PDB
