D:\DROPBOX\POSD\HW6\101598034\101598034\DEBUG\101598034.EXE.EMBED.MANIFEST
D:\DROPBOX\POSD\HW6\101598034\101598034\DEBUG\101598034.EXE.EMBED.MANIFEST.RES
D:\DROPBOX\POSD\HW6\101598034\101598034\DEBUG\101598034.EXE.INTERMEDIATE.MANIFEST
D:\DROPBOX\POSD\HW6\101598034\101598034\DEBUG\101598034.PCH
D:\DROPBOX\POSD\HW6\101598034\101598034\DEBUG\MAIN.OBJ
D:\DROPBOX\POSD\HW6\101598034\101598034\DEBUG\STDAFX.OBJ
D:\DROPBOX\POSD\HW6\101598034\101598034\DEBUG\TEXTUI.OBJ
D:\DROPBOX\POSD\HW6\101598034\101598034\DEBUG\VC100.PDB
D:\DROPBOX\POSD\HW6\101598034\DEBUG\101598034.EXE
D:\DROPBOX\POSD\HW6\101598034\DEBUG\101598034.ILK
D:\DROPBOX\POSD\HW6\101598034\DEBUG\101598034.PDB
D:\Dropbox\POSD\hw7\101598034\101598034\Debug\101598034.exe.embed.manifest
D:\DROPBOX\POSD\HW7\101598034\101598034\DEBUG\101598034.EXE.EMBED.MANIFEST.RES
D:\DROPBOX\POSD\HW7\101598034\101598034\DEBUG\101598034.EXE.INTERMEDIATE.MANIFEST
D:\DROPBOX\POSD\HW7\101598034\101598034\DEBUG\101598034.PCH
D:\Dropbox\POSD\hw7\101598034\101598034\Debug\101598034_manifest.rc
D:\Dropbox\POSD\hw7\101598034\101598034\Debug\cl.command.1.tlog
D:\Dropbox\POSD\hw7\101598034\101598034\Debug\CL.read.1.tlog
D:\Dropbox\POSD\hw7\101598034\101598034\Debug\CL.write.1.tlog
D:\Dropbox\POSD\hw7\101598034\101598034\Debug\link.10120.read.1.tlog
D:\Dropbox\POSD\hw7\101598034\101598034\Debug\link.10120.write.1.tlog
D:\Dropbox\POSD\hw7\101598034\101598034\Debug\link.10120-cvtres.read.1.tlog
D:\Dropbox\POSD\hw7\101598034\101598034\Debug\link.10120-cvtres.write.1.tlog
D:\Dropbox\POSD\hw7\101598034\101598034\Debug\link.10396.read.1.tlog
D:\Dropbox\POSD\hw7\101598034\101598034\Debug\link.10396.write.1.tlog
D:\Dropbox\POSD\hw7\101598034\101598034\Debug\link.10396-cvtres.read.1.tlog
D:\Dropbox\POSD\hw7\101598034\101598034\Debug\link.10396-cvtres.write.1.tlog
D:\Dropbox\POSD\hw7\101598034\101598034\Debug\link.10776.read.1.tlog
D:\Dropbox\POSD\hw7\101598034\101598034\Debug\link.10776.write.1.tlog
D:\Dropbox\POSD\hw7\101598034\101598034\Debug\link.10776-cvtres.read.1.tlog
D:\Dropbox\POSD\hw7\101598034\101598034\Debug\link.10776-cvtres.write.1.tlog
D:\Dropbox\POSD\hw7\101598034\101598034\Debug\link.10924.read.1.tlog
D:\Dropbox\POSD\hw7\101598034\101598034\Debug\link.10924.write.1.tlog
D:\Dropbox\POSD\hw7\101598034\101598034\Debug\link.10924-cvtres.read.1.tlog
D:\Dropbox\POSD\hw7\101598034\101598034\Debug\link.10924-cvtres.write.1.tlog
D:\Dropbox\POSD\hw7\101598034\101598034\Debug\link.11000.read.1.tlog
D:\Dropbox\POSD\hw7\101598034\101598034\Debug\link.11000.write.1.tlog
D:\Dropbox\POSD\hw7\101598034\101598034\Debug\link.11000-cvtres.read.1.tlog
D:\Dropbox\POSD\hw7\101598034\101598034\Debug\link.11000-cvtres.write.1.tlog
D:\Dropbox\POSD\hw7\101598034\101598034\Debug\link.11284.read.1.tlog
D:\Dropbox\POSD\hw7\101598034\101598034\Debug\link.11284.write.1.tlog
D:\Dropbox\POSD\hw7\101598034\101598034\Debug\link.11284-cvtres.read.1.tlog
D:\Dropbox\POSD\hw7\101598034\101598034\Debug\link.11284-cvtres.write.1.tlog
D:\Dropbox\POSD\hw7\101598034\101598034\Debug\link.11308.read.1.tlog
D:\Dropbox\POSD\hw7\101598034\101598034\Debug\link.11308.write.1.tlog
D:\Dropbox\POSD\hw7\101598034\101598034\Debug\link.11308-cvtres.read.1.tlog
D:\Dropbox\POSD\hw7\101598034\101598034\Debug\link.11308-cvtres.write.1.tlog
D:\Dropbox\POSD\hw7\101598034\101598034\Debug\link.11388.read.1.tlog
D:\Dropbox\POSD\hw7\101598034\101598034\Debug\link.11388.write.1.tlog
D:\Dropbox\POSD\hw7\101598034\101598034\Debug\link.11388-cvtres.read.1.tlog
D:\Dropbox\POSD\hw7\101598034\101598034\Debug\link.11388-cvtres.write.1.tlog
D:\Dropbox\POSD\hw7\101598034\101598034\Debug\link.11404.read.1.tlog
D:\Dropbox\POSD\hw7\101598034\101598034\Debug\link.11404.write.1.tlog
D:\Dropbox\POSD\hw7\101598034\101598034\Debug\link.11404-cvtres.read.1.tlog
D:\Dropbox\POSD\hw7\101598034\101598034\Debug\link.11404-cvtres.write.1.tlog
D:\Dropbox\POSD\hw7\101598034\101598034\Debug\link.11532.read.1.tlog
D:\Dropbox\POSD\hw7\101598034\101598034\Debug\link.11532.write.1.tlog
D:\Dropbox\POSD\hw7\101598034\101598034\Debug\link.11532-cvtres.read.1.tlog
D:\Dropbox\POSD\hw7\101598034\101598034\Debug\link.11532-cvtres.write.1.tlog
D:\Dropbox\POSD\hw7\101598034\101598034\Debug\link.11544.read.1.tlog
D:\Dropbox\POSD\hw7\101598034\101598034\Debug\link.11544.write.1.tlog
D:\Dropbox\POSD\hw7\101598034\101598034\Debug\link.11544-cvtres.read.1.tlog
D:\Dropbox\POSD\hw7\101598034\101598034\Debug\link.11544-cvtres.write.1.tlog
D:\Dropbox\POSD\hw7\101598034\101598034\Debug\link.11556.read.1.tlog
D:\Dropbox\POSD\hw7\101598034\101598034\Debug\link.11556.write.1.tlog
D:\Dropbox\POSD\hw7\101598034\101598034\Debug\link.11556-cvtres.read.1.tlog
D:\Dropbox\POSD\hw7\101598034\101598034\Debug\link.11556-cvtres.write.1.tlog
D:\Dropbox\POSD\hw7\101598034\101598034\Debug\link.12252.read.1.tlog
D:\Dropbox\POSD\hw7\101598034\101598034\Debug\link.12252.write.1.tlog
D:\Dropbox\POSD\hw7\101598034\101598034\Debug\link.12252-cvtres.read.1.tlog
D:\Dropbox\POSD\hw7\101598034\101598034\Debug\link.12252-cvtres.write.1.tlog
D:\Dropbox\POSD\hw7\101598034\101598034\Debug\link.12256.read.1.tlog
D:\Dropbox\POSD\hw7\101598034\101598034\Debug\link.12256.write.1.tlog
D:\Dropbox\POSD\hw7\101598034\101598034\Debug\link.12256-cvtres.read.1.tlog
D:\Dropbox\POSD\hw7\101598034\101598034\Debug\link.12256-cvtres.write.1.tlog
D:\Dropbox\POSD\hw7\101598034\101598034\Debug\link.1780.read.1.tlog
D:\Dropbox\POSD\hw7\101598034\101598034\Debug\link.1780.write.1.tlog
D:\Dropbox\POSD\hw7\101598034\101598034\Debug\link.1780-cvtres.read.1.tlog
D:\Dropbox\POSD\hw7\101598034\101598034\Debug\link.1780-cvtres.write.1.tlog
D:\Dropbox\POSD\hw7\101598034\101598034\Debug\link.1788.read.1.tlog
D:\Dropbox\POSD\hw7\101598034\101598034\Debug\link.1788.write.1.tlog
D:\Dropbox\POSD\hw7\101598034\101598034\Debug\link.1788-cvtres.read.1.tlog
D:\Dropbox\POSD\hw7\101598034\101598034\Debug\link.1788-cvtres.write.1.tlog
D:\Dropbox\POSD\hw7\101598034\101598034\Debug\link.1984.read.1.tlog
D:\Dropbox\POSD\hw7\101598034\101598034\Debug\link.1984.write.1.tlog
D:\Dropbox\POSD\hw7\101598034\101598034\Debug\link.1984-cvtres.read.1.tlog
D:\Dropbox\POSD\hw7\101598034\101598034\Debug\link.1984-cvtres.write.1.tlog
D:\Dropbox\POSD\hw7\101598034\101598034\Debug\link.2568.read.1.tlog
D:\Dropbox\POSD\hw7\101598034\101598034\Debug\link.2568.write.1.tlog
D:\Dropbox\POSD\hw7\101598034\101598034\Debug\link.2568-cvtres.read.1.tlog
D:\Dropbox\POSD\hw7\101598034\101598034\Debug\link.2568-cvtres.write.1.tlog
D:\Dropbox\POSD\hw7\101598034\101598034\Debug\link.296.read.1.tlog
D:\Dropbox\POSD\hw7\101598034\101598034\Debug\link.296.write.1.tlog
D:\Dropbox\POSD\hw7\101598034\101598034\Debug\link.296-cvtres.read.1.tlog
D:\Dropbox\POSD\hw7\101598034\101598034\Debug\link.296-cvtres.write.1.tlog
D:\Dropbox\POSD\hw7\101598034\101598034\Debug\link.3288.read.1.tlog
D:\Dropbox\POSD\hw7\101598034\101598034\Debug\link.3288.write.1.tlog
D:\Dropbox\POSD\hw7\101598034\101598034\Debug\link.3288-cvtres.read.1.tlog
D:\Dropbox\POSD\hw7\101598034\101598034\Debug\link.3288-cvtres.write.1.tlog
D:\Dropbox\POSD\hw7\101598034\101598034\Debug\link.3412.read.1.tlog
D:\Dropbox\POSD\hw7\101598034\101598034\Debug\link.3412.write.1.tlog
D:\Dropbox\POSD\hw7\101598034\101598034\Debug\link.3412-cvtres.read.1.tlog
D:\Dropbox\POSD\hw7\101598034\101598034\Debug\link.3412-cvtres.write.1.tlog
D:\Dropbox\POSD\hw7\101598034\101598034\Debug\link.3520.read.1.tlog
D:\Dropbox\POSD\hw7\101598034\101598034\Debug\link.3520.write.1.tlog
D:\Dropbox\POSD\hw7\101598034\101598034\Debug\link.3520-cvtres.read.1.tlog
D:\Dropbox\POSD\hw7\101598034\101598034\Debug\link.3520-cvtres.write.1.tlog
D:\Dropbox\POSD\hw7\101598034\101598034\Debug\link.3528.read.1.tlog
D:\Dropbox\POSD\hw7\101598034\101598034\Debug\link.3528.write.1.tlog
D:\Dropbox\POSD\hw7\101598034\101598034\Debug\link.3528-cvtres.read.1.tlog
D:\Dropbox\POSD\hw7\101598034\101598034\Debug\link.3528-cvtres.write.1.tlog
D:\Dropbox\POSD\hw7\101598034\101598034\Debug\link.3856.read.1.tlog
D:\Dropbox\POSD\hw7\101598034\101598034\Debug\link.3856.write.1.tlog
D:\Dropbox\POSD\hw7\101598034\101598034\Debug\link.3856-cvtres.read.1.tlog
D:\Dropbox\POSD\hw7\101598034\101598034\Debug\link.3856-cvtres.write.1.tlog
D:\Dropbox\POSD\hw7\101598034\101598034\Debug\link.4216.read.1.tlog
D:\Dropbox\POSD\hw7\101598034\101598034\Debug\link.4216.write.1.tlog
D:\Dropbox\POSD\hw7\101598034\101598034\Debug\link.4216-cvtres.read.1.tlog
D:\Dropbox\POSD\hw7\101598034\101598034\Debug\link.4216-cvtres.write.1.tlog
D:\Dropbox\POSD\hw7\101598034\101598034\Debug\link.4604.read.1.tlog
D:\Dropbox\POSD\hw7\101598034\101598034\Debug\link.4604.write.1.tlog
D:\Dropbox\POSD\hw7\101598034\101598034\Debug\link.4604-cvtres.read.1.tlog
D:\Dropbox\POSD\hw7\101598034\101598034\Debug\link.4604-cvtres.write.1.tlog
D:\Dropbox\POSD\hw7\101598034\101598034\Debug\link.4928.read.1.tlog
D:\Dropbox\POSD\hw7\101598034\101598034\Debug\link.4928.write.1.tlog
D:\Dropbox\POSD\hw7\101598034\101598034\Debug\link.4928-cvtres.read.1.tlog
D:\Dropbox\POSD\hw7\101598034\101598034\Debug\link.4928-cvtres.write.1.tlog
D:\Dropbox\POSD\hw7\101598034\101598034\Debug\link.4976.read.1.tlog
D:\Dropbox\POSD\hw7\101598034\101598034\Debug\link.4976.write.1.tlog
D:\Dropbox\POSD\hw7\101598034\101598034\Debug\link.4976-cvtres.read.1.tlog
D:\Dropbox\POSD\hw7\101598034\101598034\Debug\link.4976-cvtres.write.1.tlog
D:\Dropbox\POSD\hw7\101598034\101598034\Debug\link.4988.read.1.tlog
D:\Dropbox\POSD\hw7\101598034\101598034\Debug\link.4988.write.1.tlog
D:\Dropbox\POSD\hw7\101598034\101598034\Debug\link.4988-cvtres.read.1.tlog
D:\Dropbox\POSD\hw7\101598034\101598034\Debug\link.4988-cvtres.write.1.tlog
D:\Dropbox\POSD\hw7\101598034\101598034\Debug\link.5092.read.1.tlog
D:\Dropbox\POSD\hw7\101598034\101598034\Debug\link.5092.write.1.tlog
D:\Dropbox\POSD\hw7\101598034\101598034\Debug\link.5092-cvtres.read.1.tlog
D:\Dropbox\POSD\hw7\101598034\101598034\Debug\link.5092-cvtres.write.1.tlog
D:\Dropbox\POSD\hw7\101598034\101598034\Debug\link.5540.read.1.tlog
D:\Dropbox\POSD\hw7\101598034\101598034\Debug\link.5540.write.1.tlog
D:\Dropbox\POSD\hw7\101598034\101598034\Debug\link.5540-cvtres.read.1.tlog
D:\Dropbox\POSD\hw7\101598034\101598034\Debug\link.5540-cvtres.write.1.tlog
D:\Dropbox\POSD\hw7\101598034\101598034\Debug\link.5744.read.1.tlog
D:\Dropbox\POSD\hw7\101598034\101598034\Debug\link.5744.write.1.tlog
D:\Dropbox\POSD\hw7\101598034\101598034\Debug\link.5744-cvtres.read.1.tlog
D:\Dropbox\POSD\hw7\101598034\101598034\Debug\link.5744-cvtres.write.1.tlog
D:\Dropbox\POSD\hw7\101598034\101598034\Debug\link.6292.read.1.tlog
D:\Dropbox\POSD\hw7\101598034\101598034\Debug\link.6292.write.1.tlog
D:\Dropbox\POSD\hw7\101598034\101598034\Debug\link.6292-cvtres.read.1.tlog
D:\Dropbox\POSD\hw7\101598034\101598034\Debug\link.6292-cvtres.write.1.tlog
D:\Dropbox\POSD\hw7\101598034\101598034\Debug\link.6492.read.1.tlog
D:\Dropbox\POSD\hw7\101598034\101598034\Debug\link.6492.write.1.tlog
D:\Dropbox\POSD\hw7\101598034\101598034\Debug\link.6492-cvtres.read.1.tlog
D:\Dropbox\POSD\hw7\101598034\101598034\Debug\link.6492-cvtres.write.1.tlog
D:\Dropbox\POSD\hw7\101598034\101598034\Debug\link.6588.read.1.tlog
D:\Dropbox\POSD\hw7\101598034\101598034\Debug\link.6588.write.1.tlog
D:\Dropbox\POSD\hw7\101598034\101598034\Debug\link.6588-cvtres.read.1.tlog
D:\Dropbox\POSD\hw7\101598034\101598034\Debug\link.6588-cvtres.write.1.tlog
D:\Dropbox\POSD\hw7\101598034\101598034\Debug\link.6592.read.1.tlog
D:\Dropbox\POSD\hw7\101598034\101598034\Debug\link.6592.write.1.tlog
D:\Dropbox\POSD\hw7\101598034\101598034\Debug\link.6592-cvtres.read.1.tlog
D:\Dropbox\POSD\hw7\101598034\101598034\Debug\link.6592-cvtres.write.1.tlog
D:\Dropbox\POSD\hw7\101598034\101598034\Debug\link.6708.read.1.tlog
D:\Dropbox\POSD\hw7\101598034\101598034\Debug\link.6708.write.1.tlog
D:\Dropbox\POSD\hw7\101598034\101598034\Debug\link.6708-cvtres.read.1.tlog
D:\Dropbox\POSD\hw7\101598034\101598034\Debug\link.6708-cvtres.write.1.tlog
D:\Dropbox\POSD\hw7\101598034\101598034\Debug\link.6892.read.1.tlog
D:\Dropbox\POSD\hw7\101598034\101598034\Debug\link.6892.write.1.tlog
D:\Dropbox\POSD\hw7\101598034\101598034\Debug\link.6892-cvtres.read.1.tlog
D:\Dropbox\POSD\hw7\101598034\101598034\Debug\link.6892-cvtres.write.1.tlog
D:\Dropbox\POSD\hw7\101598034\101598034\Debug\link.6956.read.1.tlog
D:\Dropbox\POSD\hw7\101598034\101598034\Debug\link.6956.write.1.tlog
D:\Dropbox\POSD\hw7\101598034\101598034\Debug\link.6956-cvtres.read.1.tlog
D:\Dropbox\POSD\hw7\101598034\101598034\Debug\link.6956-cvtres.write.1.tlog
D:\Dropbox\POSD\hw7\101598034\101598034\Debug\link.7084.read.1.tlog
D:\Dropbox\POSD\hw7\101598034\101598034\Debug\link.7084.write.1.tlog
D:\Dropbox\POSD\hw7\101598034\101598034\Debug\link.7084-cvtres.read.1.tlog
D:\Dropbox\POSD\hw7\101598034\101598034\Debug\link.7084-cvtres.write.1.tlog
D:\Dropbox\POSD\hw7\101598034\101598034\Debug\link.7316.read.1.tlog
D:\Dropbox\POSD\hw7\101598034\101598034\Debug\link.7316.write.1.tlog
D:\Dropbox\POSD\hw7\101598034\101598034\Debug\link.7316-cvtres.read.1.tlog
D:\Dropbox\POSD\hw7\101598034\101598034\Debug\link.7316-cvtres.write.1.tlog
D:\Dropbox\POSD\hw7\101598034\101598034\Debug\link.7448.read.1.tlog
D:\Dropbox\POSD\hw7\101598034\101598034\Debug\link.7448.write.1.tlog
D:\Dropbox\POSD\hw7\101598034\101598034\Debug\link.7448-cvtres.read.1.tlog
D:\Dropbox\POSD\hw7\101598034\101598034\Debug\link.7448-cvtres.write.1.tlog
D:\Dropbox\POSD\hw7\101598034\101598034\Debug\link.7456.read.1.tlog
D:\Dropbox\POSD\hw7\101598034\101598034\Debug\link.7456.write.1.tlog
D:\Dropbox\POSD\hw7\101598034\101598034\Debug\link.7456-cvtres.read.1.tlog
D:\Dropbox\POSD\hw7\101598034\101598034\Debug\link.7456-cvtres.write.1.tlog
D:\Dropbox\POSD\hw7\101598034\101598034\Debug\link.7712.read.1.tlog
D:\Dropbox\POSD\hw7\101598034\101598034\Debug\link.7712.write.1.tlog
D:\Dropbox\POSD\hw7\101598034\101598034\Debug\link.7712-cvtres.read.1.tlog
D:\Dropbox\POSD\hw7\101598034\101598034\Debug\link.7712-cvtres.write.1.tlog
D:\Dropbox\POSD\hw7\101598034\101598034\Debug\link.776.read.1.tlog
D:\Dropbox\POSD\hw7\101598034\101598034\Debug\link.776.write.1.tlog
D:\Dropbox\POSD\hw7\101598034\101598034\Debug\link.776-cvtres.read.1.tlog
D:\Dropbox\POSD\hw7\101598034\101598034\Debug\link.776-cvtres.write.1.tlog
D:\Dropbox\POSD\hw7\101598034\101598034\Debug\link.7792.read.1.tlog
D:\Dropbox\POSD\hw7\101598034\101598034\Debug\link.7792.write.1.tlog
D:\Dropbox\POSD\hw7\101598034\101598034\Debug\link.7792-cvtres.read.1.tlog
D:\Dropbox\POSD\hw7\101598034\101598034\Debug\link.7792-cvtres.write.1.tlog
D:\Dropbox\POSD\hw7\101598034\101598034\Debug\link.7820.read.1.tlog
D:\Dropbox\POSD\hw7\101598034\101598034\Debug\link.7820.write.1.tlog
D:\Dropbox\POSD\hw7\101598034\101598034\Debug\link.7820-cvtres.read.1.tlog
D:\Dropbox\POSD\hw7\101598034\101598034\Debug\link.7820-cvtres.write.1.tlog
D:\Dropbox\POSD\hw7\101598034\101598034\Debug\link.8064.read.1.tlog
D:\Dropbox\POSD\hw7\101598034\101598034\Debug\link.8064.write.1.tlog
D:\Dropbox\POSD\hw7\101598034\101598034\Debug\link.8064-cvtres.read.1.tlog
D:\Dropbox\POSD\hw7\101598034\101598034\Debug\link.8064-cvtres.write.1.tlog
D:\Dropbox\POSD\hw7\101598034\101598034\Debug\link.8148.read.1.tlog
D:\Dropbox\POSD\hw7\101598034\101598034\Debug\link.8148.write.1.tlog
D:\Dropbox\POSD\hw7\101598034\101598034\Debug\link.8148-cvtres.read.1.tlog
D:\Dropbox\POSD\hw7\101598034\101598034\Debug\link.8148-cvtres.write.1.tlog
D:\Dropbox\POSD\hw7\101598034\101598034\Debug\link.8384.read.1.tlog
D:\Dropbox\POSD\hw7\101598034\101598034\Debug\link.8384.write.1.tlog
D:\Dropbox\POSD\hw7\101598034\101598034\Debug\link.8384-cvtres.read.1.tlog
D:\Dropbox\POSD\hw7\101598034\101598034\Debug\link.8384-cvtres.write.1.tlog
D:\Dropbox\POSD\hw7\101598034\101598034\Debug\link.8456.read.1.tlog
D:\Dropbox\POSD\hw7\101598034\101598034\Debug\link.8456.write.1.tlog
D:\Dropbox\POSD\hw7\101598034\101598034\Debug\link.8456-cvtres.read.1.tlog
D:\Dropbox\POSD\hw7\101598034\101598034\Debug\link.8456-cvtres.write.1.tlog
D:\Dropbox\POSD\hw7\101598034\101598034\Debug\link.8484.read.1.tlog
D:\Dropbox\POSD\hw7\101598034\101598034\Debug\link.8484.write.1.tlog
D:\Dropbox\POSD\hw7\101598034\101598034\Debug\link.8484-cvtres.read.1.tlog
D:\Dropbox\POSD\hw7\101598034\101598034\Debug\link.8484-cvtres.write.1.tlog
D:\Dropbox\POSD\hw7\101598034\101598034\Debug\link.8744.read.1.tlog
D:\Dropbox\POSD\hw7\101598034\101598034\Debug\link.8744.write.1.tlog
D:\Dropbox\POSD\hw7\101598034\101598034\Debug\link.8744-cvtres.read.1.tlog
D:\Dropbox\POSD\hw7\101598034\101598034\Debug\link.8744-cvtres.write.1.tlog
D:\Dropbox\POSD\hw7\101598034\101598034\Debug\link.8748.read.1.tlog
D:\Dropbox\POSD\hw7\101598034\101598034\Debug\link.8748.write.1.tlog
D:\Dropbox\POSD\hw7\101598034\101598034\Debug\link.8748-cvtres.read.1.tlog
D:\Dropbox\POSD\hw7\101598034\101598034\Debug\link.8748-cvtres.write.1.tlog
D:\Dropbox\POSD\hw7\101598034\101598034\Debug\link.8856.read.1.tlog
D:\Dropbox\POSD\hw7\101598034\101598034\Debug\link.8856.write.1.tlog
D:\Dropbox\POSD\hw7\101598034\101598034\Debug\link.8856-cvtres.read.1.tlog
D:\Dropbox\POSD\hw7\101598034\101598034\Debug\link.8856-cvtres.write.1.tlog
D:\Dropbox\POSD\hw7\101598034\101598034\Debug\link.8864.read.1.tlog
D:\Dropbox\POSD\hw7\101598034\101598034\Debug\link.8864.write.1.tlog
D:\Dropbox\POSD\hw7\101598034\101598034\Debug\link.8864-cvtres.read.1.tlog
D:\Dropbox\POSD\hw7\101598034\101598034\Debug\link.8864-cvtres.write.1.tlog
D:\Dropbox\POSD\hw7\101598034\101598034\Debug\link.8976.read.1.tlog
D:\Dropbox\POSD\hw7\101598034\101598034\Debug\link.8976.write.1.tlog
D:\Dropbox\POSD\hw7\101598034\101598034\Debug\link.8976-cvtres.read.1.tlog
D:\Dropbox\POSD\hw7\101598034\101598034\Debug\link.8976-cvtres.write.1.tlog
D:\Dropbox\POSD\hw7\101598034\101598034\Debug\link.9032.read.1.tlog
D:\Dropbox\POSD\hw7\101598034\101598034\Debug\link.9032.write.1.tlog
D:\Dropbox\POSD\hw7\101598034\101598034\Debug\link.9032-cvtres.read.1.tlog
D:\Dropbox\POSD\hw7\101598034\101598034\Debug\link.9032-cvtres.write.1.tlog
D:\Dropbox\POSD\hw7\101598034\101598034\Debug\link.9040.read.1.tlog
D:\Dropbox\POSD\hw7\101598034\101598034\Debug\link.9040.write.1.tlog
D:\Dropbox\POSD\hw7\101598034\101598034\Debug\link.9040-cvtres.read.1.tlog
D:\Dropbox\POSD\hw7\101598034\101598034\Debug\link.9040-cvtres.write.1.tlog
D:\Dropbox\POSD\hw7\101598034\101598034\Debug\link.9088.read.1.tlog
D:\Dropbox\POSD\hw7\101598034\101598034\Debug\link.9088.write.1.tlog
D:\Dropbox\POSD\hw7\101598034\101598034\Debug\link.9088-cvtres.read.1.tlog
D:\Dropbox\POSD\hw7\101598034\101598034\Debug\link.9088-cvtres.write.1.tlog
D:\Dropbox\POSD\hw7\101598034\101598034\Debug\link.9588.read.1.tlog
D:\Dropbox\POSD\hw7\101598034\101598034\Debug\link.9588.write.1.tlog
D:\Dropbox\POSD\hw7\101598034\101598034\Debug\link.9588-cvtres.read.1.tlog
D:\Dropbox\POSD\hw7\101598034\101598034\Debug\link.9588-cvtres.write.1.tlog
D:\Dropbox\POSD\hw7\101598034\101598034\Debug\link.9836.read.1.tlog
D:\Dropbox\POSD\hw7\101598034\101598034\Debug\link.9836.write.1.tlog
D:\Dropbox\POSD\hw7\101598034\101598034\Debug\link.9836-cvtres.read.1.tlog
D:\Dropbox\POSD\hw7\101598034\101598034\Debug\link.9836-cvtres.write.1.tlog
D:\Dropbox\POSD\hw7\101598034\101598034\Debug\link.9980.read.1.tlog
D:\Dropbox\POSD\hw7\101598034\101598034\Debug\link.9980.write.1.tlog
D:\Dropbox\POSD\hw7\101598034\101598034\Debug\link.9980-cvtres.read.1.tlog
D:\Dropbox\POSD\hw7\101598034\101598034\Debug\link.9980-cvtres.write.1.tlog
D:\Dropbox\POSD\hw7\101598034\101598034\Debug\link.command.1.tlog
D:\Dropbox\POSD\hw7\101598034\101598034\Debug\link.read.1.tlog
D:\Dropbox\POSD\hw7\101598034\101598034\Debug\link.write.1.tlog
D:\Dropbox\POSD\hw7\101598034\101598034\Debug\link-cvtres.read.1.tlog
D:\Dropbox\POSD\hw7\101598034\101598034\Debug\link-cvtres.write.1.tlog
D:\DROPBOX\POSD\HW7\101598034\101598034\DEBUG\MAIN.OBJ
D:\Dropbox\POSD\hw7\101598034\101598034\Debug\mt.command.1.tlog
D:\Dropbox\POSD\hw7\101598034\101598034\Debug\mt.read.1.tlog
D:\Dropbox\POSD\hw7\101598034\101598034\Debug\mt.write.1.tlog
D:\Dropbox\POSD\hw7\101598034\101598034\Debug\rc.command.1.tlog
D:\Dropbox\POSD\hw7\101598034\101598034\Debug\rc.read.1.tlog
D:\Dropbox\POSD\hw7\101598034\101598034\Debug\rc.write.1.tlog
D:\DROPBOX\POSD\HW7\101598034\101598034\DEBUG\STDAFX.OBJ
D:\DROPBOX\POSD\HW7\101598034\101598034\DEBUG\TEXTUI.OBJ
D:\Dropbox\POSD\hw7\101598034\101598034\Debug\vc100.idb
D:\DROPBOX\POSD\HW7\101598034\101598034\DEBUG\VC100.PDB
D:\DROPBOX\POSD\HW7\101598034\DEBUG\101598034.EXE
D:\DROPBOX\POSD\HW7\101598034\DEBUG\101598034.ILK
D:\DROPBOX\POSD\HW7\101598034\DEBUG\101598034.PDB
