D:\DROPBOX\POSD\HW6\101598034\101598034_CORE\DEBUG\ACTIVITY.OBJ
D:\DROPBOX\POSD\HW6\101598034\101598034_CORE\DEBUG\ACTIVITYDIAGRAM.OBJ
D:\DROPBOX\POSD\HW6\101598034\101598034_CORE\DEBUG\ADDGLYPHCOMMAND.OBJ
D:\DROPBOX\POSD\HW6\101598034\101598034_CORE\DEBUG\ADDGLYPHSTATE.OBJ
D:\DROPBOX\POSD\HW6\101598034\101598034_CORE\DEBUG\COMMAND.OBJ
D:\DROPBOX\POSD\HW6\101598034\101598034_CORE\DEBUG\COMMANDMANAGER.OBJ
D:\DROPBOX\POSD\HW6\101598034\101598034_CORE\DEBUG\CONNECTGLYPHCOMMAND.OBJ
D:\DROPBOX\POSD\HW6\101598034\101598034_CORE\DEBUG\CONNECTSTATE.OBJ
D:\DROPBOX\POSD\HW6\101598034\101598034_CORE\DEBUG\DECISIONNODE.OBJ
D:\DROPBOX\POSD\HW6\101598034\101598034_CORE\DEBUG\DELETEGLYPHCOMMAND.OBJ
D:\DROPBOX\POSD\HW6\101598034\101598034_CORE\DEBUG\EDGE.OBJ
D:\DROPBOX\POSD\HW6\101598034\101598034_CORE\DEBUG\EDITETEXTCOMMAND.OBJ
D:\DROPBOX\POSD\HW6\101598034\101598034_CORE\DEBUG\FINALNODE.OBJ
D:\DROPBOX\POSD\HW6\101598034\101598034_CORE\DEBUG\GLYPH.OBJ
D:\DROPBOX\POSD\HW6\101598034\101598034_CORE\DEBUG\GLYPHCOMPONENT.OBJ
D:\DROPBOX\POSD\HW6\101598034\101598034_CORE\DEBUG\GLYPHFACTORY.OBJ
D:\DROPBOX\POSD\HW6\101598034\101598034_CORE\DEBUG\INITIALNODE.OBJ
D:\DROPBOX\POSD\HW6\101598034\101598034_CORE\DEBUG\OBSERVER.OBJ
D:\DROPBOX\POSD\HW6\101598034\101598034_CORE\DEBUG\POINTSTATE.OBJ
D:\DROPBOX\POSD\HW6\101598034\101598034_CORE\DEBUG\PRESENTATIONMODEL.OBJ
D:\DROPBOX\POSD\HW6\101598034\101598034_CORE\DEBUG\PRESENTATIONMODELSTATE.OBJ
D:\DROPBOX\POSD\HW6\101598034\101598034_CORE\DEBUG\SUBJECT.OBJ
D:\DROPBOX\POSD\HW6\101598034\101598034_CORE\DEBUG\TOOL.OBJ
D:\DROPBOX\POSD\HW6\101598034\101598034_CORE\DEBUG\VC100.PDB
D:\DROPBOX\POSD\HW6\101598034\DEBUG\101598034_CORE.LIB
D:\DROPBOX\POSD\HW7\101598034\101598034_CORE\DEBUG\ACTIVITY.OBJ
D:\DROPBOX\POSD\HW7\101598034\101598034_CORE\DEBUG\ACTIVITYDIAGRAM.OBJ
D:\DROPBOX\POSD\HW7\101598034\101598034_CORE\DEBUG\ADDGLYPHCOMMAND.OBJ
D:\DROPBOX\POSD\HW7\101598034\101598034_CORE\DEBUG\ADDGLYPHSTATE.OBJ
D:\Dropbox\POSD\hw7\101598034\101598034_Core\Debug\cl.command.1.tlog
D:\Dropbox\POSD\hw7\101598034\101598034_Core\Debug\CL.read.1.tlog
D:\Dropbox\POSD\hw7\101598034\101598034_Core\Debug\CL.write.1.tlog
D:\DROPBOX\POSD\HW7\101598034\101598034_CORE\DEBUG\COMMAND.OBJ
D:\DROPBOX\POSD\HW7\101598034\101598034_CORE\DEBUG\COMMANDMANAGER.OBJ
D:\DROPBOX\POSD\HW7\101598034\101598034_CORE\DEBUG\CONNECTGLYPHCOMMAND.OBJ
D:\DROPBOX\POSD\HW7\101598034\101598034_CORE\DEBUG\CONNECTSTATE.OBJ
D:\DROPBOX\POSD\HW7\101598034\101598034_CORE\DEBUG\DECISIONNODE.OBJ
D:\DROPBOX\POSD\HW7\101598034\101598034_CORE\DEBUG\DELETEGLYPHCOMMAND.OBJ
D:\DROPBOX\POSD\HW7\101598034\101598034_CORE\DEBUG\EDGE.OBJ
D:\DROPBOX\POSD\HW7\101598034\101598034_CORE\DEBUG\EDITETEXTCOMMAND.OBJ
D:\DROPBOX\POSD\HW7\101598034\101598034_CORE\DEBUG\FINALNODE.OBJ
D:\DROPBOX\POSD\HW7\101598034\101598034_CORE\DEBUG\GLYPH.OBJ
D:\DROPBOX\POSD\HW7\101598034\101598034_CORE\DEBUG\GLYPHCOMPONENT.OBJ
D:\DROPBOX\POSD\HW7\101598034\101598034_CORE\DEBUG\GLYPHFACTORY.OBJ
D:\DROPBOX\POSD\HW7\101598034\101598034_CORE\DEBUG\GLYPHVISITOR.OBJ
D:\DROPBOX\POSD\HW7\101598034\101598034_CORE\DEBUG\INITIALNODE.OBJ
D:\DROPBOX\POSD\HW7\101598034\101598034_CORE\DEBUG\LAYOUTGLYPHVISITOR.OBJ
D:\Dropbox\POSD\hw7\101598034\101598034_Core\Debug\lib.command.1.tlog
D:\Dropbox\POSD\hw7\101598034\101598034_Core\Debug\Lib-link.read.1.tlog
D:\Dropbox\POSD\hw7\101598034\101598034_Core\Debug\Lib-link.write.1.tlog
D:\DROPBOX\POSD\HW7\101598034\101598034_CORE\DEBUG\MOVEGLYPHCOMMAND.OBJ
D:\DROPBOX\POSD\HW7\101598034\101598034_CORE\DEBUG\OBSERVER.OBJ
D:\DROPBOX\POSD\HW7\101598034\101598034_CORE\DEBUG\POINTSTATE.OBJ
D:\DROPBOX\POSD\HW7\101598034\101598034_CORE\DEBUG\PRESENTATIONMODEL.OBJ
D:\DROPBOX\POSD\HW7\101598034\101598034_CORE\DEBUG\PRESENTATIONMODELSTATE.OBJ
D:\DROPBOX\POSD\HW7\101598034\101598034_CORE\DEBUG\SAVEGLYPHVISITOR.OBJ
D:\DROPBOX\POSD\HW7\101598034\101598034_CORE\DEBUG\SUBJECT.OBJ
D:\DROPBOX\POSD\HW7\101598034\101598034_CORE\DEBUG\TOOL.OBJ
D:\Dropbox\POSD\hw7\101598034\101598034_Core\Debug\vc100.idb
D:\DROPBOX\POSD\HW7\101598034\101598034_CORE\DEBUG\VC100.PDB
D:\DROPBOX\POSD\HW7\101598034\DEBUG\101598034_CORE.LIB
